# JRE version: Java(TM) SE Runtime Environment (8.0_162-b12) (build 1.8.0_162-b12)
# Java VM: Java HotSpot(TM) 64-Bit Server VM (25.162-b12 mixed mode windows-amd64 compressed oops)
Heap:
 PSYoungGen      total 407552K, used 268240K [0x000000076b000000, 0x000000079e100000, 0x00000007c0000000)
  eden space 22528K, 99% used [0x000000076b000000,0x000000076c5ffff8,0x000000076c600000)
  from space 385024K, 63% used [0x000000076c600000,0x000000077b5f40e0,0x0000000783e00000)
  to   space 405504K, 0% used [0x0000000785500000,0x0000000785500000,0x000000079e100000)
 ParOldGen       total 2785280K, used 2785244K [0x00000006c1000000, 0x000000076b000000, 0x000000076b000000)
  object space 2785280K, 99% used [0x00000006c1000000,0x000000076aff7340,0x000000076b000000)
 Metaspace       used 17593K, capacity 17798K, committed 18048K, reserved 1064960K
  class space    used 2303K, capacity 2384K, committed 2432K, reserved 1048576K
GC Heap History (10 events):
Event: 698.202 GC heap after
Heap after GC invocations=685 (full 478):
 PSYoungGen      total 407552K, used 268240K [0x000000076b000000, 0x000000079e100000, 0x00000007c0000000)
  eden space 22528K, 99% used [0x000000076b000000,0x000000076c5ffff8,0x000000076c600000)
  from space 385024K, 63% used [0x000000076c600000,0x000000077b5f40e0,0x0000000783e00000)
  to   space 405504K, 0% used [0x0000000785500000,0x0000000785500000,0x000000079e100000)
 ParOldGen       total 2785280K, used 2785235K [0x00000006c1000000, 0x000000076b000000, 0x000000076b000000)
  object space 2785280K, 99% used [0x00000006c1000000,0x000000076aff4fc8,0x000000076b000000)
 Metaspace       used 17593K, capacity 17798K, committed 18048K, reserved 1064960K
  class space    used 2303K, capacity 2384K, committed 2432K, reserved 1048576K
}
Event: 698.203 GC heap before
{Heap before GC invocations=686 (full 479):
 PSYoungGen      total 407552K, used 268240K [0x000000076b000000, 0x000000079e100000, 0x00000007c0000000)
  eden space 22528K, 99% used [0x000000076b000000,0x000000076c5ffff8,0x000000076c600000)
  from space 385024K, 63% used [0x000000076c600000,0x000000077b5f40e0,0x0000000783e00000)
  to   space 405504K, 0% used [0x0000000785500000,0x0000000785500000,0x000000079e100000)
 ParOldGen       total 2785280K, used 2785238K [0x00000006c1000000, 0x000000076b000000, 0x000000076b000000)
  object space 2785280K, 99% used [0x00000006c1000000,0x000000076aff5950,0x000000076b000000)
 Metaspace       used 17593K, capacity 17798K, committed 18048K, reserved 1064960K
  class space    used 2303K, capacity 2384K, committed 2432K, reserved 1048576K
Event: 699.235 GC heap after
Heap after GC invocations=686 (full 479):
 PSYoungGen      total 407552K, used 268240K [0x000000076b000000, 0x000000079e100000, 0x00000007c0000000)
  eden space 22528K, 99% used [0x000000076b000000,0x000000076c5ffff8,0x000000076c600000)
  from space 385024K, 63% used [0x000000076c600000,0x000000077b5f40e0,0x0000000783e00000)
  to   space 405504K, 0% used [0x0000000785500000,0x0000000785500000,0x000000079e100000)
 ParOldGen       total 2785280K, used 2785237K [0x00000006c1000000, 0x000000076b000000, 0x000000076b000000)
  object space 2785280K, 99% used [0x00000006c1000000,0x000000076aff5620,0x000000076b000000)
 Metaspace       used 17593K, capacity 17798K, committed 18048K, reserved 1064960K
  class space    used 2303K, capacity 2384K, committed 2432K, reserved 1048576K
}
Event: 699.235 GC heap before
{Heap before GC invocations=687 (full 480):
 PSYoungGen      total 407552K, used 268240K [0x000000076b000000, 0x000000079e100000, 0x00000007c0000000)
  eden space 22528K, 99% used [0x000000076b000000,0x000000076c5ffff8,0x000000076c600000)
  from space 385024K, 63% used [0x000000076c600000,0x000000077b5f40e0,0x0000000783e00000)
  to   space 405504K, 0% used [0x0000000785500000,0x0000000785500000,0x000000079e100000)
 ParOldGen       total 2785280K, used 2785239K [0x00000006c1000000, 0x000000076b000000, 0x000000076b000000)
  object space 2785280K, 99% used [0x00000006c1000000,0x000000076aff5fb0,0x000000076b000000)
 Metaspace       used 17593K, capacity 17798K, committed 18048K, reserved 1064960K
  class space    used 2303K, capacity 2384K, committed 2432K, reserved 1048576K
Event: 700.390 GC heap after
Heap after GC invocations=687 (full 480):
 PSYoungGen      total 407552K, used 268240K [0x000000076b000000, 0x000000079e100000, 0x00000007c0000000)
  eden space 22528K, 99% used [0x000000076b000000,0x000000076c5ffff8,0x000000076c600000)
  from space 385024K, 63% used [0x000000076c600000,0x000000077b5f40e0,0x0000000783e00000)
  to   space 405504K, 0% used [0x0000000785500000,0x0000000785500000,0x000000079e100000)
 ParOldGen       total 2785280K, used 2785239K [0x00000006c1000000, 0x000000076b000000, 0x000000076b000000)
  object space 2785280K, 99% used [0x00000006c1000000,0x000000076aff5cc8,0x000000076b000000)
 Metaspace       used 17593K, capacity 17798K, committed 18048K, reserved 1064960K
  class space    used 2303K, capacity 2384K, committed 2432K, reserved 1048576K
}
Event: 700.391 GC heap before
{Heap before GC invocations=688 (full 481):
 PSYoungGen      total 407552K, used 268240K [0x000000076b000000, 0x000000079e100000, 0x00000007c0000000)
  eden space 22528K, 99% used [0x000000076b000000,0x000000076c5ffff8,0x000000076c600000)
  from space 385024K, 63% used [0x000000076c600000,0x000000077b5f40e0,0x0000000783e00000)
  to   space 405504K, 0% used [0x0000000785500000,0x0000000785500000,0x000000079e100000)
 ParOldGen       total 2785280K, used 2785241K [0x00000006c1000000, 0x000000076b000000, 0x000000076b000000)
  object space 2785280K, 99% used [0x00000006c1000000,0x000000076aff6678,0x000000076b000000)
 Metaspace       used 17593K, capacity 17798K, committed 18048K, reserved 1064960K
  class space    used 2303K, capacity 2384K, committed 2432K, reserved 1048576K
Event: 701.609 GC heap after
Heap after GC invocations=688 (full 481):
 PSYoungGen      total 407552K, used 268240K [0x000000076b000000, 0x000000079e100000, 0x00000007c0000000)
  eden space 22528K, 99% used [0x000000076b000000,0x000000076c5ffff8,0x000000076c600000)
  from space 385024K, 63% used [0x000000076c600000,0x000000077b5f40e0,0x0000000783e00000)
  to   space 405504K, 0% used [0x0000000785500000,0x0000000785500000,0x000000079e100000)
 ParOldGen       total 2785280K, used 2785240K [0x00000006c1000000, 0x000000076b000000, 0x000000076b000000)
  object space 2785280K, 99% used [0x00000006c1000000,0x000000076aff6388,0x000000076b000000)
 Metaspace       used 17593K, capacity 17798K, committed 18048K, reserved 1064960K
  class space    used 2303K, capacity 2384K, committed 2432K, reserved 1048576K
}
Event: 701.609 GC heap before
{Heap before GC invocations=689 (full 482):
 PSYoungGen      total 407552K, used 268240K [0x000000076b000000, 0x000000079e100000, 0x00000007c0000000)
  eden space 22528K, 99% used [0x000000076b000000,0x000000076c5ffff8,0x000000076c600000)
  from space 385024K, 63% used [0x000000076c600000,0x000000077b5f40e0,0x0000000783e00000)
  to   space 405504K, 0% used [0x0000000785500000,0x0000000785500000,0x000000079e100000)
 ParOldGen       total 2785280K, used 2785243K [0x00000006c1000000, 0x000000076b000000, 0x000000076b000000)
  object space 2785280K, 99% used [0x00000006c1000000,0x000000076aff6cc8,0x000000076b000000)
 Metaspace       used 17593K, capacity 17798K, committed 18048K, reserved 1064960K
  class space    used 2303K, capacity 2384K, committed 2432K, reserved 1048576K
Event: 702.799 GC heap after
Heap after GC invocations=689 (full 482):
 PSYoungGen      total 407552K, used 268240K [0x000000076b000000, 0x000000079e100000, 0x00000007c0000000)
  eden space 22528K, 99% used [0x000000076b000000,0x000000076c5ffff8,0x000000076c600000)
  from space 385024K, 63% used [0x000000076c600000,0x000000077b5f40e0,0x0000000783e00000)
  to   space 405504K, 0% used [0x0000000785500000,0x0000000785500000,0x000000079e100000)
 ParOldGen       total 2785280K, used 2785242K [0x00000006c1000000, 0x000000076b000000, 0x000000076b000000)
  object space 2785280K, 99% used [0x00000006c1000000,0x000000076aff69e0,0x000000076b000000)
 Metaspace       used 17593K, capacity 17798K, committed 18048K, reserved 1064960K
  class space    used 2303K, capacity 2384K, committed 2432K, reserved 1048576K
}
Event: 702.800 GC heap before
{Heap before GC invocations=690 (full 483):
 PSYoungGen      total 407552K, used 268240K [0x000000076b000000, 0x000000079e100000, 0x00000007c0000000)
  eden space 22528K, 99% used [0x000000076b000000,0x000000076c5ffff8,0x000000076c600000)
  from space 385024K, 63% used [0x000000076c600000,0x000000077b5f40e0,0x0000000783e00000)
  to   space 405504K, 0% used [0x0000000785500000,0x0000000785500000,0x000000079e100000)
 ParOldGen       total 2785280K, used 2785244K [0x00000006c1000000, 0x000000076b000000, 0x000000076b000000)
  object space 2785280K, 99% used [0x00000006c1000000,0x000000076aff7340,0x000000076b000000)
 Metaspace       used 17593K, capacity 17798K, committed 18048K, reserved 1064960K
  class space    used 2303K, capacity 2384K, committed 2432K, reserved 1048576K

