# JRE version: Java(TM) SE Runtime Environment (8.0_162-b12) (build 1.8.0_162-b12)
# Java VM: Java HotSpot(TM) 64-Bit Server VM (25.162-b12 mixed mode windows-amd64 compressed oops)
Heap:
 PSYoungGen      total 2333696K, used 1185792K [0x00000006eab00000, 0x00000007be900000, 0x00000007c0000000)
  eden space 1185792K, 100% used [0x00000006eab00000,0x0000000733100000,0x0000000733100000)
  from space 1147904K, 0% used [0x0000000778800000,0x0000000778800000,0x00000007be900000)
  to   space 1137664K, 59% used [0x0000000733100000,0x000000075c4d6200,0x0000000778800000)
 ParOldGen       total 6990848K, used 3879546K [0x0000000540000000, 0x00000006eab00000, 0x00000006eab00000)
  object space 6990848K, 55% used [0x0000000540000000,0x000000062cc9e8d0,0x00000006eab00000)
 Metaspace       used 22764K, capacity 23100K, committed 23424K, reserved 1069056K
  class space    used 2747K, capacity 2824K, committed 2944K, reserved 1048576K
GC Heap History (10 events):
Event: 20800.328 GC heap after
Heap after GC invocations=2527 (full 471):
 PSYoungGen      total 2330112K, used 743794K [0x00000006eab00000, 0x00000007c0000000, 0x00000007c0000000)
  eden space 1165312K, 0% used [0x00000006eab00000,0x00000006eab00000,0x0000000731d00000)
  from space 1164800K, 63% used [0x0000000778e80000,0x00000007a64dca40,0x00000007c0000000)
  to   space 1164800K, 0% used [0x0000000731d00000,0x0000000731d00000,0x0000000778e80000)
 ParOldGen       total 6990848K, used 5688139K [0x0000000540000000, 0x00000006eab00000, 0x00000006eab00000)
  object space 6990848K, 81% used [0x0000000540000000,0x000000069b2d2ed8,0x00000006eab00000)
 Metaspace       used 22764K, capacity 23100K, committed 23424K, reserved 1069056K
  class space    used 2747K, capacity 2824K, committed 2944K, reserved 1048576K
}
Event: 20843.729 GC heap before
{Heap before GC invocations=2528 (full 471):
 PSYoungGen      total 2330112K, used 1909106K [0x00000006eab00000, 0x00000007c0000000, 0x00000007c0000000)
  eden space 1165312K, 100% used [0x00000006eab00000,0x0000000731d00000,0x0000000731d00000)
  from space 1164800K, 63% used [0x0000000778e80000,0x00000007a64dca40,0x00000007c0000000)
  to   space 1164800K, 0% used [0x0000000731d00000,0x0000000731d00000,0x0000000778e80000)
 ParOldGen       total 6990848K, used 5688139K [0x0000000540000000, 0x00000006eab00000, 0x00000006eab00000)
  object space 6990848K, 81% used [0x0000000540000000,0x000000069b2d2ed8,0x00000006eab00000)
 Metaspace       used 22764K, capacity 23100K, committed 23424K, reserved 1069056K
  class space    used 2747K, capacity 2824K, committed 2944K, reserved 1048576K
Event: 20844.098 GC heap after
Heap after GC invocations=2528 (full 471):
 PSYoungGen      total 1515520K, used 349952K [0x00000006eab00000, 0x00000007bf300000, 0x00000007c0000000)
  eden space 1165312K, 0% used [0x00000006eab00000,0x00000006eab00000,0x0000000731d00000)
  from space 350208K, 99% used [0x0000000731d00000,0x00000007472c00b8,0x0000000747300000)
  to   space 1158144K, 0% used [0x0000000778800000,0x0000000778800000,0x00000007bf300000)
 ParOldGen       total 6990848K, used 6172135K [0x0000000540000000, 0x00000006eab00000, 0x00000006eab00000)
  object space 6990848K, 88% used [0x0000000540000000,0x00000006b8b79f30,0x00000006eab00000)
 Metaspace       used 22764K, capacity 23100K, committed 23424K, reserved 1069056K
  class space    used 2747K, capacity 2824K, committed 2944K, reserved 1048576K
}
Event: 20844.099 GC heap before
{Heap before GC invocations=2529 (full 472):
 PSYoungGen      total 1515520K, used 349952K [0x00000006eab00000, 0x00000007bf300000, 0x00000007c0000000)
  eden space 1165312K, 0% used [0x00000006eab00000,0x00000006eab00000,0x0000000731d00000)
  from space 350208K, 99% used [0x0000000731d00000,0x00000007472c00b8,0x0000000747300000)
  to   space 1158144K, 0% used [0x0000000778800000,0x0000000778800000,0x00000007bf300000)
 ParOldGen       total 6990848K, used 6172135K [0x0000000540000000, 0x00000006eab00000, 0x00000006eab00000)
  object space 6990848K, 88% used [0x0000000540000000,0x00000006b8b79f30,0x00000006eab00000)
 Metaspace       used 22764K, capacity 23100K, committed 23424K, reserved 1069056K
  class space    used 2747K, capacity 2824K, committed 2944K, reserved 1048576K
Event: 20852.596 GC heap after
Heap after GC invocations=2529 (full 472):
 PSYoungGen      total 1515520K, used 0K [0x00000006eab00000, 0x00000007bf300000, 0x00000007c0000000)
  eden space 1165312K, 0% used [0x00000006eab00000,0x00000006eab00000,0x0000000731d00000)
  from space 350208K, 0% used [0x0000000731d00000,0x0000000731d00000,0x0000000747300000)
  to   space 1158144K, 0% used [0x0000000778800000,0x0000000778800000,0x00000007bf300000)
 ParOldGen       total 6990848K, used 3604568K [0x0000000540000000, 0x00000006eab00000, 0x00000006eab00000)
  object space 6990848K, 51% used [0x0000000540000000,0x000000061c016320,0x00000006eab00000)
 Metaspace       used 22764K, capacity 23100K, committed 23424K, reserved 1069056K
  class space    used 2747K, capacity 2824K, committed 2944K, reserved 1048576K
}
Event: 20854.812 GC heap before
{Heap before GC invocations=2530 (full 472):
 PSYoungGen      total 1515520K, used 995803K [0x00000006eab00000, 0x00000007bf300000, 0x00000007c0000000)
  eden space 1165312K, 85% used [0x00000006eab00000,0x0000000727776dc0,0x0000000731d00000)
  from space 350208K, 0% used [0x0000000731d00000,0x0000000731d00000,0x0000000747300000)
  to   space 1158144K, 0% used [0x0000000778800000,0x0000000778800000,0x00000007bf300000)
 ParOldGen       total 6990848K, used 3604568K [0x0000000540000000, 0x00000006eab00000, 0x00000006eab00000)
  object space 6990848K, 51% used [0x0000000540000000,0x000000061c016320,0x00000006eab00000)
 Metaspace       used 22764K, capacity 23100K, committed 23424K, reserved 1069056K
  class space    used 2747K, capacity 2824K, committed 2944K, reserved 1048576K
Event: 20855.119 GC heap after
Heap after GC invocations=2530 (full 472):
 PSYoungGen      total 2333696K, used 379607K [0x00000006eab00000, 0x00000007be900000, 0x00000007c0000000)
  eden space 1185792K, 0% used [0x00000006eab00000,0x00000006eab00000,0x0000000733100000)
  from space 1147904K, 33% used [0x0000000778800000,0x000000078fab5ef0,0x00000007be900000)
  to   space 1137664K, 0% used [0x0000000733100000,0x0000000733100000,0x0000000778800000)
 ParOldGen       total 6990848K, used 3604568K [0x0000000540000000, 0x00000006eab00000, 0x00000006eab00000)
  object space 6990848K, 51% used [0x0000000540000000,0x000000061c016320,0x00000006eab00000)
 Metaspace       used 22764K, capacity 23100K, committed 23424K, reserved 1069056K
  class space    used 2747K, capacity 2824K, committed 2944K, reserved 1048576K
}
Event: 20855.119 GC heap before
{Heap before GC invocations=2531 (full 473):
 PSYoungGen      total 2333696K, used 379607K [0x00000006eab00000, 0x00000007be900000, 0x00000007c0000000)
  eden space 1185792K, 0% used [0x00000006eab00000,0x00000006eab00000,0x0000000733100000)
  from space 1147904K, 33% used [0x0000000778800000,0x000000078fab5ef0,0x00000007be900000)
  to   space 1137664K, 0% used [0x0000000733100000,0x0000000733100000,0x0000000778800000)
 ParOldGen       total 6990848K, used 3604568K [0x0000000540000000, 0x00000006eab00000, 0x00000006eab00000)
  object space 6990848K, 51% used [0x0000000540000000,0x000000061c016320,0x00000006eab00000)
 Metaspace       used 22764K, capacity 23100K, committed 23424K, reserved 1069056K
  class space    used 2747K, capacity 2824K, committed 2944K, reserved 1048576K
Event: 20861.791 GC heap after
Heap after GC invocations=2531 (full 473):
 PSYoungGen      total 2333696K, used 0K [0x00000006eab00000, 0x00000007be900000, 0x00000007c0000000)
  eden space 1185792K, 0% used [0x00000006eab00000,0x00000006eab00000,0x0000000733100000)
  from space 1147904K, 0% used [0x0000000778800000,0x0000000778800000,0x00000007be900000)
  to   space 1137664K, 0% used [0x0000000733100000,0x0000000733100000,0x0000000778800000)
 ParOldGen       total 6990848K, used 3879546K [0x0000000540000000, 0x00000006eab00000, 0x00000006eab00000)
  object space 6990848K, 55% used [0x0000000540000000,0x000000062cc9e8d0,0x00000006eab00000)
 Metaspace       used 22764K, capacity 23100K, committed 23424K, reserved 1069056K
  class space    used 2747K, capacity 2824K, committed 2944K, reserved 1048576K
}
Event: 21025.652 GC heap before
{Heap before GC invocations=2532 (full 473):
 PSYoungGen      total 2333696K, used 1185792K [0x00000006eab00000, 0x00000007be900000, 0x00000007c0000000)
  eden space 1185792K, 100% used [0x00000006eab00000,0x0000000733100000,0x0000000733100000)
  from space 1147904K, 0% used [0x0000000778800000,0x0000000778800000,0x00000007be900000)
  to   space 1137664K, 0% used [0x0000000733100000,0x0000000733100000,0x0000000778800000)
 ParOldGen       total 6990848K, used 3879546K [0x0000000540000000, 0x00000006eab00000, 0x00000006eab00000)
  object space 6990848K, 55% used [0x0000000540000000,0x000000062cc9e8d0,0x00000006eab00000)
 Metaspace       used 22764K, capacity 23100K, committed 23424K, reserved 1069056K
  class space    used 2747K, capacity 2824K, committed 2944K, reserved 1048576K

