# JRE version: Java(TM) SE Runtime Environment (8.0_162-b12) (build 1.8.0_162-b12)
# Java VM: Java HotSpot(TM) 64-Bit Server VM (25.162-b12 mixed mode windows-amd64 compressed oops)
Heap:
 PSYoungGen      total 3028992K, used 2864202K [0x00000006aab00000, 0x00000007c0000000, 0x00000007c0000000)
  eden space 1514496K, 100% used [0x00000006aab00000,0x0000000707200000,0x0000000707200000)
  from space 1514496K, 89% used [0x0000000707200000,0x0000000759812828,0x0000000763900000)
  to   space 1514496K, 42% used [0x0000000763900000,0x000000078aebeb78,0x00000007c0000000)
 ParOldGen       total 9088000K, used 9087994K [0x0000000480000000, 0x00000006aab00000, 0x00000006aab00000)
  object space 9088000K, 99% used [0x0000000480000000,0x00000006aaafe828,0x00000006aab00000)
 Metaspace       used 22318K, capacity 22582K, committed 22784K, reserved 1069056K
  class space    used 2710K, capacity 2775K, committed 2816K, reserved 1048576K
GC Heap History (10 events):
Event: 11703.811 GC heap after
Heap after GC invocations=1312 (full 320):
 PSYoungGen      total 2978816K, used 197320K [0x00000006aab00000, 0x00000007bcf00000, 0x00000007c0000000)
  eden space 1514496K, 0% used [0x00000006aab00000,0x00000006aab00000,0x0000000707200000)
  from space 1464320K, 13% used [0x0000000763900000,0x000000076f9b2360,0x00000007bcf00000)
  to   space 1489408K, 0% used [0x0000000707200000,0x0000000707200000,0x0000000762080000)
 ParOldGen       total 9088000K, used 7256276K [0x0000000480000000, 0x00000006aab00000, 0x00000006aab00000)
  object space 9088000K, 79% used [0x0000000480000000,0x000000063ae35248,0x00000006aab00000)
 Metaspace       used 22318K, capacity 22582K, committed 22784K, reserved 1069056K
  class space    used 2710K, capacity 2775K, committed 2816K, reserved 1048576K
}
Event: 11708.706 GC heap before
{Heap before GC invocations=1313 (full 320):
 PSYoungGen      total 2978816K, used 1711816K [0x00000006aab00000, 0x00000007bcf00000, 0x00000007c0000000)
  eden space 1514496K, 100% used [0x00000006aab00000,0x0000000707200000,0x0000000707200000)
  from space 1464320K, 13% used [0x0000000763900000,0x000000076f9b2360,0x00000007bcf00000)
  to   space 1489408K, 0% used [0x0000000707200000,0x0000000707200000,0x0000000762080000)
 ParOldGen       total 9088000K, used 7256276K [0x0000000480000000, 0x00000006aab00000, 0x00000006aab00000)
  object space 9088000K, 79% used [0x0000000480000000,0x000000063ae35248,0x00000006aab00000)
 Metaspace       used 22318K, capacity 22582K, committed 22784K, reserved 1069056K
  class space    used 2710K, capacity 2775K, committed 2816K, reserved 1048576K
Event: 11709.203 GC heap after
Heap after GC invocations=1313 (full 320):
 PSYoungGen      total 3003904K, used 679610K [0x00000006aab00000, 0x00000007bc800000, 0x00000007c0000000)
  eden space 1514496K, 0% used [0x00000006aab00000,0x00000006aab00000,0x0000000707200000)
  from space 1489408K, 45% used [0x0000000707200000,0x00000007309aea28,0x0000000762080000)
  to   space 1449984K, 0% used [0x0000000764000000,0x0000000764000000,0x00000007bc800000)
 ParOldGen       total 9088000K, used 7256276K [0x0000000480000000, 0x00000006aab00000, 0x00000006aab00000)
  object space 9088000K, 79% used [0x0000000480000000,0x000000063ae35248,0x00000006aab00000)
 Metaspace       used 22318K, capacity 22582K, committed 22784K, reserved 1069056K
  class space    used 2710K, capacity 2775K, committed 2816K, reserved 1048576K
}
Event: 11713.154 GC heap before
{Heap before GC invocations=1314 (full 320):
 PSYoungGen      total 3003904K, used 2194106K [0x00000006aab00000, 0x00000007bc800000, 0x00000007c0000000)
  eden space 1514496K, 100% used [0x00000006aab00000,0x0000000707200000,0x0000000707200000)
  from space 1489408K, 45% used [0x0000000707200000,0x00000007309aea28,0x0000000762080000)
  to   space 1449984K, 0% used [0x0000000764000000,0x0000000764000000,0x00000007bc800000)
 ParOldGen       total 9088000K, used 7256276K [0x0000000480000000, 0x00000006aab00000, 0x00000006aab00000)
  object space 9088000K, 79% used [0x0000000480000000,0x000000063ae35248,0x00000006aab00000)
 Metaspace       used 22318K, capacity 22582K, committed 22784K, reserved 1069056K
  class space    used 2710K, capacity 2775K, committed 2816K, reserved 1048576K
Event: 11714.124 GC heap after
Heap after GC invocations=1314 (full 320):
 PSYoungGen      total 2964480K, used 1285309K [0x00000006aab00000, 0x00000007c0000000, 0x00000007c0000000)
  eden space 1514496K, 0% used [0x00000006aab00000,0x00000006aab00000,0x0000000707200000)
  from space 1449984K, 88% used [0x0000000764000000,0x00000007b272f778,0x00000007bc800000)
  to   space 1514496K, 0% used [0x0000000707200000,0x0000000707200000,0x0000000763900000)
 ParOldGen       total 9088000K, used 7256276K [0x0000000480000000, 0x00000006aab00000, 0x00000006aab00000)
  object space 9088000K, 79% used [0x0000000480000000,0x000000063ae35248,0x00000006aab00000)
 Metaspace       used 22318K, capacity 22582K, committed 22784K, reserved 1069056K
  class space    used 2710K, capacity 2775K, committed 2816K, reserved 1048576K
}
Event: 11717.730 GC heap before
{Heap before GC invocations=1315 (full 320):
 PSYoungGen      total 2964480K, used 2799805K [0x00000006aab00000, 0x00000007c0000000, 0x00000007c0000000)
  eden space 1514496K, 100% used [0x00000006aab00000,0x0000000707200000,0x0000000707200000)
  from space 1449984K, 88% used [0x0000000764000000,0x00000007b272f778,0x00000007bc800000)
  to   space 1514496K, 0% used [0x0000000707200000,0x0000000707200000,0x0000000763900000)
 ParOldGen       total 9088000K, used 7256276K [0x0000000480000000, 0x00000006aab00000, 0x00000006aab00000)
  object space 9088000K, 79% used [0x0000000480000000,0x000000063ae35248,0x00000006aab00000)
 Metaspace       used 22318K, capacity 22582K, committed 22784K, reserved 1069056K
  class space    used 2710K, capacity 2775K, committed 2816K, reserved 1048576K
Event: 11719.028 GC heap after
Heap after GC invocations=1315 (full 320):
 PSYoungGen      total 3028992K, used 1349706K [0x00000006aab00000, 0x00000007c0000000, 0x00000007c0000000)
  eden space 1514496K, 0% used [0x00000006aab00000,0x00000006aab00000,0x0000000707200000)
  from space 1514496K, 89% used [0x0000000707200000,0x0000000759812828,0x0000000763900000)
  to   space 1514496K, 0% used [0x0000000763900000,0x0000000763900000,0x00000007c0000000)
 ParOldGen       total 9088000K, used 7761841K [0x0000000480000000, 0x00000006aab00000, 0x00000006aab00000)
  object space 9088000K, 85% used [0x0000000480000000,0x0000000659bec570,0x00000006aab00000)
 Metaspace       used 22318K, capacity 22582K, committed 22784K, reserved 1069056K
  class space    used 2710K, capacity 2775K, committed 2816K, reserved 1048576K
}
Event: 11721.540 GC heap before
{Heap before GC invocations=1316 (full 320):
 PSYoungGen      total 3028992K, used 2864202K [0x00000006aab00000, 0x00000007c0000000, 0x00000007c0000000)
  eden space 1514496K, 100% used [0x00000006aab00000,0x0000000707200000,0x0000000707200000)
  from space 1514496K, 89% used [0x0000000707200000,0x0000000759812828,0x0000000763900000)
  to   space 1514496K, 0% used [0x0000000763900000,0x0000000763900000,0x00000007c0000000)
 ParOldGen       total 9088000K, used 7761841K [0x0000000480000000, 0x00000006aab00000, 0x00000006aab00000)
  object space 9088000K, 85% used [0x0000000480000000,0x0000000659bec570,0x00000006aab00000)
 Metaspace       used 22318K, capacity 22582K, committed 22784K, reserved 1069056K
  class space    used 2710K, capacity 2775K, committed 2816K, reserved 1048576K
Event: 11731.993 GC heap after
Heap after GC invocations=1316 (full 320):
 PSYoungGen      total 3028992K, used 2864202K [0x00000006aab00000, 0x00000007c0000000, 0x00000007c0000000)
  eden space 1514496K, 100% used [0x00000006aab00000,0x0000000707200000,0x0000000707200000)
  from space 1514496K, 89% used [0x0000000707200000,0x0000000759812828,0x0000000763900000)
  to   space 1514496K, 42% used [0x0000000763900000,0x000000078aebeb78,0x00000007c0000000)
 ParOldGen       total 9088000K, used 9087994K [0x0000000480000000, 0x00000006aab00000, 0x00000006aab00000)
  object space 9088000K, 99% used [0x0000000480000000,0x00000006aaafe828,0x00000006aab00000)
 Metaspace       used 22318K, capacity 22582K, committed 22784K, reserved 1069056K
  class space    used 2710K, capacity 2775K, committed 2816K, reserved 1048576K
}
Event: 11731.993 GC heap before
{Heap before GC invocations=1317 (full 321):
 PSYoungGen      total 3028992K, used 2864202K [0x00000006aab00000, 0x00000007c0000000, 0x00000007c0000000)
  eden space 1514496K, 100% used [0x00000006aab00000,0x0000000707200000,0x0000000707200000)
  from space 1514496K, 89% used [0x0000000707200000,0x0000000759812828,0x0000000763900000)
  to   space 1514496K, 42% used [0x0000000763900000,0x000000078aebeb78,0x00000007c0000000)
 ParOldGen       total 9088000K, used 9087994K [0x0000000480000000, 0x00000006aab00000, 0x00000006aab00000)
  object space 9088000K, 99% used [0x0000000480000000,0x00000006aaafe828,0x00000006aab00000)
 Metaspace       used 22318K, capacity 22582K, committed 22784K, reserved 1069056K
  class space    used 2710K, capacity 2775K, committed 2816K, reserved 1048576K

