# JRE version: Java(TM) SE Runtime Environment (8.0_162-b12) (build 1.8.0_162-b12)
# Java VM: Java HotSpot(TM) 64-Bit Server VM (25.162-b12 mixed mode windows-amd64 compressed oops)
Heap:
 PSYoungGen      total 3023360K, used 823279K [0x00000006aab00000, 0x00000007baa00000, 0x00000007c0000000)
  eden space 1583616K, 4% used [0x00000006aab00000,0x00000006af713e88,0x000000070b580000)
  from space 1439744K, 51% used [0x0000000762c00000,0x00000007903e7e50,0x00000007baa00000)
  to   space 1432064K, 0% used [0x000000070b580000,0x000000070b580000,0x0000000762c00000)
 ParOldGen       total 9088000K, used 5975208K [0x0000000480000000, 0x00000006aab00000, 0x00000006aab00000)
  object space 9088000K, 65% used [0x0000000480000000,0x00000005ecb2a150,0x00000006aab00000)
 Metaspace       used 22410K, capacity 22702K, committed 23040K, reserved 1069056K
  class space    used 2722K, capacity 2799K, committed 2816K, reserved 1048576K
GC Heap History (10 events):
Event: 1231.347 GC heap before
{Heap before GC invocations=254 (full 63):
 PSYoungGen      total 3028992K, used 2094680K [0x00000006aab00000, 0x00000007c0000000, 0x00000007c0000000)
  eden space 1514496K, 100% used [0x00000006aab00000,0x0000000707200000,0x0000000707200000)
  from space 1514496K, 38% used [0x0000000763900000,0x0000000786f96058,0x00000007c0000000)
  to   space 1514496K, 0% used [0x0000000707200000,0x0000000707200000,0x0000000763900000)
 ParOldGen       total 9088000K, used 7451312K [0x0000000480000000, 0x00000006aab00000, 0x00000006aab00000)
  object space 9088000K, 81% used [0x0000000480000000,0x0000000646cac3d0,0x00000006aab00000)
 Metaspace       used 22410K, capacity 22702K, committed 23040K, reserved 1069056K
  class space    used 2722K, capacity 2799K, committed 2816K, reserved 1048576K
Event: 1232.287 GC heap after
Heap after GC invocations=254 (full 63):
 PSYoungGen      total 3028992K, used 564157K [0x00000006aab00000, 0x00000007c0000000, 0x00000007c0000000)
  eden space 1514496K, 0% used [0x00000006aab00000,0x00000006aab00000,0x0000000707200000)
  from space 1514496K, 37% used [0x0000000707200000,0x00000007298ef518,0x0000000763900000)
  to   space 1514496K, 0% used [0x0000000763900000,0x0000000763900000,0x00000007c0000000)
 ParOldGen       total 9088000K, used 7964262K [0x0000000480000000, 0x00000006aab00000, 0x00000006aab00000)
  object space 9088000K, 87% used [0x0000000480000000,0x0000000666199a80,0x00000006aab00000)
 Metaspace       used 22410K, capacity 22702K, committed 23040K, reserved 1069056K
  class space    used 2722K, capacity 2799K, committed 2816K, reserved 1048576K
}
Event: 1232.287 GC heap before
{Heap before GC invocations=255 (full 64):
 PSYoungGen      total 3028992K, used 564157K [0x00000006aab00000, 0x00000007c0000000, 0x00000007c0000000)
  eden space 1514496K, 0% used [0x00000006aab00000,0x00000006aab00000,0x0000000707200000)
  from space 1514496K, 37% used [0x0000000707200000,0x00000007298ef518,0x0000000763900000)
  to   space 1514496K, 0% used [0x0000000763900000,0x0000000763900000,0x00000007c0000000)
 ParOldGen       total 9088000K, used 7964262K [0x0000000480000000, 0x00000006aab00000, 0x00000006aab00000)
  object space 9088000K, 87% used [0x0000000480000000,0x0000000666199a80,0x00000006aab00000)
 Metaspace       used 22410K, capacity 22702K, committed 23040K, reserved 1069056K
  class space    used 2722K, capacity 2799K, committed 2816K, reserved 1048576K
Event: 1246.286 GC heap after
Heap after GC invocations=255 (full 64):
 PSYoungGen      total 3028992K, used 0K [0x00000006aab00000, 0x00000007c0000000, 0x00000007c0000000)
  eden space 1514496K, 0% used [0x00000006aab00000,0x00000006aab00000,0x0000000707200000)
  from space 1514496K, 0% used [0x0000000707200000,0x0000000707200000,0x0000000763900000)
  to   space 1514496K, 0% used [0x0000000763900000,0x0000000763900000,0x00000007c0000000)
 ParOldGen       total 9088000K, used 5633737K [0x0000000480000000, 0x00000006aab00000, 0x00000006aab00000)
  object space 9088000K, 61% used [0x0000000480000000,0x00000005d7db2630,0x00000006aab00000)
 Metaspace       used 22410K, capacity 22702K, committed 23040K, reserved 1069056K
  class space    used 2722K, capacity 2799K, committed 2816K, reserved 1048576K
}
Event: 1249.838 GC heap before
{Heap before GC invocations=256 (full 64):
 PSYoungGen      total 3028992K, used 1514496K [0x00000006aab00000, 0x00000007c0000000, 0x00000007c0000000)
  eden space 1514496K, 100% used [0x00000006aab00000,0x0000000707200000,0x0000000707200000)
  from space 1514496K, 0% used [0x0000000707200000,0x0000000707200000,0x0000000763900000)
  to   space 1514496K, 0% used [0x0000000763900000,0x0000000763900000,0x00000007c0000000)
 ParOldGen       total 9088000K, used 5633737K [0x0000000480000000, 0x00000006aab00000, 0x00000006aab00000)
  object space 9088000K, 61% used [0x0000000480000000,0x00000005d7db2630,0x00000006aab00000)
 Metaspace       used 22410K, capacity 22702K, committed 23040K, reserved 1069056K
  class space    used 2722K, capacity 2799K, committed 2816K, reserved 1048576K
Event: 1250.211 GC heap after
Heap after GC invocations=256 (full 64):
 PSYoungGen      total 3028992K, used 426577K [0x00000006aab00000, 0x00000007c0000000, 0x00000007c0000000)
  eden space 1514496K, 0% used [0x00000006aab00000,0x00000006aab00000,0x0000000707200000)
  from space 1514496K, 28% used [0x0000000763900000,0x000000077d9944b0,0x00000007c0000000)
  to   space 1514496K, 0% used [0x0000000707200000,0x0000000707200000,0x0000000763900000)
 ParOldGen       total 9088000K, used 5633737K [0x0000000480000000, 0x00000006aab00000, 0x00000006aab00000)
  object space 9088000K, 61% used [0x0000000480000000,0x00000005d7db2630,0x00000006aab00000)
 Metaspace       used 22410K, capacity 22702K, committed 23040K, reserved 1069056K
  class space    used 2722K, capacity 2799K, committed 2816K, reserved 1048576K
}
Event: 1254.395 GC heap before
{Heap before GC invocations=257 (full 64):
 PSYoungGen      total 3028992K, used 1941073K [0x00000006aab00000, 0x00000007c0000000, 0x00000007c0000000)
  eden space 1514496K, 100% used [0x00000006aab00000,0x0000000707200000,0x0000000707200000)
  from space 1514496K, 28% used [0x0000000763900000,0x000000077d9944b0,0x00000007c0000000)
  to   space 1514496K, 0% used [0x0000000707200000,0x0000000707200000,0x0000000763900000)
 ParOldGen       total 9088000K, used 5633737K [0x0000000480000000, 0x00000006aab00000, 0x00000006aab00000)
  object space 9088000K, 61% used [0x0000000480000000,0x00000005d7db2630,0x00000006aab00000)
 Metaspace       used 22410K, capacity 22702K, committed 23040K, reserved 1069056K
  class space    used 2722K, capacity 2799K, committed 2816K, reserved 1048576K
Event: 1254.956 GC heap after
Heap after GC invocations=257 (full 64):
 PSYoungGen      total 1916928K, used 401924K [0x00000006aab00000, 0x00000007be600000, 0x00000007c0000000)
  eden space 1514496K, 0% used [0x00000006aab00000,0x00000006aab00000,0x0000000707200000)
  from space 402432K, 99% used [0x0000000707200000,0x000000071fa810b0,0x000000071fb00000)
  to   space 1501184K, 0% used [0x0000000762c00000,0x0000000762c00000,0x00000007be600000)
 ParOldGen       total 9088000K, used 5975208K [0x0000000480000000, 0x00000006aab00000, 0x00000006aab00000)
  object space 9088000K, 65% used [0x0000000480000000,0x00000005ecb2a150,0x00000006aab00000)
 Metaspace       used 22410K, capacity 22702K, committed 23040K, reserved 1069056K
  class space    used 2722K, capacity 2799K, committed 2816K, reserved 1048576K
}
Event: 1258.347 GC heap before
{Heap before GC invocations=258 (full 64):
 PSYoungGen      total 1916928K, used 1916420K [0x00000006aab00000, 0x00000007be600000, 0x00000007c0000000)
  eden space 1514496K, 100% used [0x00000006aab00000,0x0000000707200000,0x0000000707200000)
  from space 402432K, 99% used [0x0000000707200000,0x000000071fa810b0,0x000000071fb00000)
  to   space 1501184K, 0% used [0x0000000762c00000,0x0000000762c00000,0x00000007be600000)
 ParOldGen       total 9088000K, used 5975208K [0x0000000480000000, 0x00000006aab00000, 0x00000006aab00000)
  object space 9088000K, 65% used [0x0000000480000000,0x00000005ecb2a150,0x00000006aab00000)
 Metaspace       used 22410K, capacity 22702K, committed 23040K, reserved 1069056K
  class space    used 2722K, capacity 2799K, committed 2816K, reserved 1048576K
Event: 1258.785 GC heap after
Heap after GC invocations=258 (full 64):
 PSYoungGen      total 3023360K, used 745375K [0x00000006aab00000, 0x00000007baa00000, 0x00000007c0000000)
  eden space 1583616K, 0% used [0x00000006aab00000,0x00000006aab00000,0x000000070b580000)
  from space 1439744K, 51% used [0x0000000762c00000,0x00000007903e7e50,0x00000007baa00000)
  to   space 1432064K, 0% used [0x000000070b580000,0x000000070b580000,0x0000000762c00000)
 ParOldGen       total 9088000K, used 5975208K [0x0000000480000000, 0x00000006aab00000, 0x00000006aab00000)
  object space 9088000K, 65% used [0x0000000480000000,0x00000005ecb2a150,0x00000006aab00000)
 Metaspace       used 22410K, capacity 22702K, committed 23040K, reserved 1069056K
  class space    used 2722K, capacity 2799K, committed 2816K, reserved 1048576K
}

